<?xml version="1.0" encoding="UTF-8"?>
<!-- Generated by org.testng.reporters.JUnitReportReporter -->
<testsuite skipped="2" hostname="DESKTOP-P77456N" name="com.org.tests.UserRegistrationTests" tests="5" failures="0" timestamp="17 Apr 2023 18:55:16 GMT" time="2.561" errors="0">
  <testcase name="validateAge" time="1.191" classname="com.org.tests.UserRegistrationTests"/>
  <testcase name="validateLastName" time="1.121" classname="com.org.tests.UserRegistrationTests"/>
  <testcase name="validateCompleteName" time="0.249" classname="com.org.tests.UserRegistrationTests"/>
  <testcase name="validateMiddleName" classname="com.org.tests.UserRegistrationTests">
    <skipped/>
  </testcase> <!-- validateMiddleName -->
  <testcase name="validateFirstName" classname="com.org.tests.UserRegistrationTests">
    <skipped/>
  </testcase> <!-- validateFirstName -->
</testsuite> <!-- com.org.tests.UserRegistrationTests -->
