<?xml version="1.0" encoding="UTF-8"?>
<!-- Generated by org.testng.reporters.JUnitReportReporter -->
<testsuite skipped="0" hostname="DESKTOP-P77456N" name="com.org.tests.LeftMenuTests" tests="1" failures="0" timestamp="26 Mar 2023 04:43:04 GMT" time="0.162" errors="0">
  <testcase name="validateSeleniumLink" time="0.162" classname="com.org.tests.LeftMenuTests"/>
</testsuite> <!-- com.org.tests.LeftMenuTests -->
