<?xml version="1.0" encoding="UTF-8"?>
<!-- Generated by org.testng.reporters.JUnitReportReporter -->
<testsuite skipped="0" hostname="DESKTOP-P77456N" name="com.org.tests.LeftMenuTests" tests="1" failures="0" timestamp="02 Apr 2023 07:10:29 GMT" time="0.346" errors="0">
  <testcase name="validateSeleniumLink" time="0.346" classname="com.org.tests.LeftMenuTests"/>
</testsuite> <!-- com.org.tests.LeftMenuTests -->
