<?xml version="1.0" encoding="UTF-8"?>
<!-- Generated by org.testng.reporters.JUnitReportReporter -->
<testsuite skipped="2" hostname="DESKTOP-P77456N" name="com.org.tests.UserRegistrationTests" tests="5" failures="0" timestamp="02 Apr 2023 07:10:29 GMT" time="3.159" errors="0">
  <testcase name="validateCompleteName" time="0.512" classname="com.org.tests.UserRegistrationTests"/>
  <testcase name="validateAge" time="1.319" classname="com.org.tests.UserRegistrationTests"/>
  <testcase name="validateLastName" time="1.328" classname="com.org.tests.UserRegistrationTests"/>
  <testcase name="validateMiddleName" classname="com.org.tests.UserRegistrationTests">
    <skipped/>
  </testcase> <!-- validateMiddleName -->
  <testcase name="validateFirstName" classname="com.org.tests.UserRegistrationTests">
    <skipped/>
  </testcase> <!-- validateFirstName -->
</testsuite> <!-- com.org.tests.UserRegistrationTests -->
